<?xml version="1.0" encoding="UTF-8"?>
<!-- Generated by org.testng.reporters.JUnitReportReporter -->
<testsuite skipped="0" hostname="DESKTOP-0SONAS9" name="AssertionInTestNG.TestngAssertion" tests="1" failures="0" timestamp="2022-11-13T13:36:46 IST" time="23.420" errors="0">
  <testcase name="verifyPageTitle" time="23.420" classname="AssertionInTestNG.TestngAssertion"/>
  <system-out/>
</testsuite> <!-- AssertionInTestNG.TestngAssertion -->
