<?xml version="1.0" encoding="UTF-8"?>
<!-- Generated by org.testng.reporters.JUnitReportReporter -->
<testsuite skipped="0" hostname="DESKTOP-0SONAS9" name="AssertionInTestNG.TestNGWizardDemo" tests="1" failures="0" timestamp="2022-11-13T13:46:34 IST" time="28.878" errors="0">
  <testcase name="f" time="28.878" classname="AssertionInTestNG.TestNGWizardDemo"/>
  <system-out/>
</testsuite> <!-- AssertionInTestNG.TestNGWizardDemo -->
